# JRE version: OpenJDK Runtime Environment Temurin-21.0.6+7 (21.0.6+7) (build 21.0.6+7-LTS)
# Java VM: OpenJDK 64-Bit Server VM Temurin-21.0.6+7 (21.0.6+7-LTS, mixed mode, sharing, tiered, compressed oops, compressed class ptrs, parallel gc, windows-amd64)
GC Precious Log:
 CardTable entry size: 512
 CPUs: 8 total, 8 available
 Memory: 32673M
 Large Page Support: Disabled
 NUMA Support: Disabled
 Compressed Oops: Enabled (32-bit)
 Alignments: Space 512K, Generation 512K, Heap 2M
 Heap Min Capacity: 100M
 Heap Initial Capacity: 100M
 Heap Max Capacity: 1G
 Pre-touch: Disabled
 Parallel Workers: 8
Heap:
 PSYoungGen      total 3584K, used 3269K [0x00000000eab00000, 0x00000000eaf80000, 0x0000000100000000)
  eden space 2560K, 99% used [0x00000000eab00000,0x00000000ead7cbf0,0x00000000ead80000)
  from space 1024K, 70% used [0x00000000ead80000,0x00000000eae34a60,0x00000000eae80000)
  to   space 1024K, 63% used [0x00000000eae80000,0x00000000eaf22090,0x00000000eaf80000)
 ParOldGen       total 622080K, used 621908K [0x00000000c0000000, 0x00000000e5f80000, 0x00000000eab00000)
  object space 622080K, 99% used [0x00000000c0000000,0x00000000e5f55318,0x00000000e5f80000)
 Metaspace       used 67362K, committed 68864K, reserved 1114112K
  class space    used 6890K, committed 7552K, reserved 1048576K
GC Heap History (20 events):
Event: 615.343 GC heap after
{Heap after GC invocations=1604 (full 3):
 PSYoungGen      total 3584K, used 679K [0x00000000eab00000, 0x00000000eaf80000, 0x0000000100000000)
  eden space 2560K, 0% used [0x00000000eab00000,0x00000000eab00000,0x00000000ead80000)
  from space 1024K, 66% used [0x00000000eae80000,0x00000000eaf29ee0,0x00000000eaf80000)
  to   space 1024K, 0% used [0x00000000ead80000,0x00000000ead80000,0x00000000eae80000)
 ParOldGen       total 615936K, used 615730K [0x00000000c0000000, 0x00000000e5980000, 0x00000000eab00000)
  object space 615936K, 99% used [0x00000000c0000000,0x00000000e594c828,0x00000000e5980000)
 Metaspace       used 67362K, committed 68864K, reserved 1114112K
  class space    used 6890K, committed 7552K, reserved 1048576K
}
Event: 615.347 GC heap before
{Heap before GC invocations=1605 (full 3):
 PSYoungGen      total 3584K, used 3238K [0x00000000eab00000, 0x00000000eaf80000, 0x0000000100000000)
  eden space 2560K, 99% used [0x00000000eab00000,0x00000000ead7fce8,0x00000000ead80000)
  from space 1024K, 66% used [0x00000000eae80000,0x00000000eaf29ee0,0x00000000eaf80000)
  to   space 1024K, 0% used [0x00000000ead80000,0x00000000ead80000,0x00000000eae80000)
 ParOldGen       total 615936K, used 615730K [0x00000000c0000000, 0x00000000e5980000, 0x00000000eab00000)
  object space 615936K, 99% used [0x00000000c0000000,0x00000000e594c828,0x00000000e5980000)
 Metaspace       used 67362K, committed 68864K, reserved 1114112K
  class space    used 6890K, committed 7552K, reserved 1048576K
}
Event: 615.348 GC heap after
{Heap after GC invocations=1605 (full 3):
 PSYoungGen      total 3584K, used 758K [0x00000000eab00000, 0x00000000eaf80000, 0x0000000100000000)
  eden space 2560K, 0% used [0x00000000eab00000,0x00000000eab00000,0x00000000ead80000)
  from space 1024K, 74% used [0x00000000ead80000,0x00000000eae3db40,0x00000000eae80000)
  to   space 1024K, 0% used [0x00000000eae80000,0x00000000eae80000,0x00000000eaf80000)
 ParOldGen       total 616448K, used 616338K [0x00000000c0000000, 0x00000000e5a00000, 0x00000000eab00000)
  object space 616448K, 99% used [0x00000000c0000000,0x00000000e59e4b38,0x00000000e5a00000)
 Metaspace       used 67362K, committed 68864K, reserved 1114112K
  class space    used 6890K, committed 7552K, reserved 1048576K
}
Event: 615.353 GC heap before
{Heap before GC invocations=1606 (full 3):
 PSYoungGen      total 3584K, used 3318K [0x00000000eab00000, 0x00000000eaf80000, 0x0000000100000000)
  eden space 2560K, 100% used [0x00000000eab00000,0x00000000ead80000,0x00000000ead80000)
  from space 1024K, 74% used [0x00000000ead80000,0x00000000eae3db40,0x00000000eae80000)
  to   space 1024K, 0% used [0x00000000eae80000,0x00000000eae80000,0x00000000eaf80000)
 ParOldGen       total 616448K, used 616338K [0x00000000c0000000, 0x00000000e5a00000, 0x00000000eab00000)
  object space 616448K, 99% used [0x00000000c0000000,0x00000000e59e4b38,0x00000000e5a00000)
 Metaspace       used 67362K, committed 68864K, reserved 1114112K
  class space    used 6890K, committed 7552K, reserved 1048576K
}
Event: 615.354 GC heap after
{Heap after GC invocations=1606 (full 3):
 PSYoungGen      total 3584K, used 722K [0x00000000eab00000, 0x00000000eaf80000, 0x0000000100000000)
  eden space 2560K, 0% used [0x00000000eab00000,0x00000000eab00000,0x00000000ead80000)
  from space 1024K, 70% used [0x00000000eae80000,0x00000000eaf34bd8,0x00000000eaf80000)
  to   space 1024K, 0% used [0x00000000ead80000,0x00000000ead80000,0x00000000eae80000)
 ParOldGen       total 616960K, used 616930K [0x00000000c0000000, 0x00000000e5a80000, 0x00000000eab00000)
  object space 616960K, 99% used [0x00000000c0000000,0x00000000e5a78ad0,0x00000000e5a80000)
 Metaspace       used 67362K, committed 68864K, reserved 1114112K
  class space    used 6890K, committed 7552K, reserved 1048576K
}
Event: 615.359 GC heap before
{Heap before GC invocations=1607 (full 3):
 PSYoungGen      total 3584K, used 3282K [0x00000000eab00000, 0x00000000eaf80000, 0x0000000100000000)
  eden space 2560K, 100% used [0x00000000eab00000,0x00000000ead80000,0x00000000ead80000)
  from space 1024K, 70% used [0x00000000eae80000,0x00000000eaf34bd8,0x00000000eaf80000)
  to   space 1024K, 0% used [0x00000000ead80000,0x00000000ead80000,0x00000000eae80000)
 ParOldGen       total 616960K, used 616930K [0x00000000c0000000, 0x00000000e5a80000, 0x00000000eab00000)
  object space 616960K, 99% used [0x00000000c0000000,0x00000000e5a78ad0,0x00000000e5a80000)
 Metaspace       used 67362K, committed 68864K, reserved 1114112K
  class space    used 6890K, committed 7552K, reserved 1048576K
}
Event: 615.359 GC heap after
{Heap after GC invocations=1607 (full 3):
 PSYoungGen      total 3584K, used 724K [0x00000000eab00000, 0x00000000eaf80000, 0x0000000100000000)
  eden space 2560K, 0% used [0x00000000eab00000,0x00000000eab00000,0x00000000ead80000)
  from space 1024K, 70% used [0x00000000ead80000,0x00000000eae352a8,0x00000000eae80000)
  to   space 1024K, 0% used [0x00000000eae80000,0x00000000eae80000,0x00000000eaf80000)
 ParOldGen       total 617984K, used 617529K [0x00000000c0000000, 0x00000000e5b80000, 0x00000000eab00000)
  object space 617984K, 99% used [0x00000000c0000000,0x00000000e5b0e4e8,0x00000000e5b80000)
 Metaspace       used 67362K, committed 68864K, reserved 1114112K
  class space    used 6890K, committed 7552K, reserved 1048576K
}
Event: 615.363 GC heap before
{Heap before GC invocations=1608 (full 3):
 PSYoungGen      total 3584K, used 3284K [0x00000000eab00000, 0x00000000eaf80000, 0x0000000100000000)
  eden space 2560K, 100% used [0x00000000eab00000,0x00000000ead80000,0x00000000ead80000)
  from space 1024K, 70% used [0x00000000ead80000,0x00000000eae352a8,0x00000000eae80000)
  to   space 1024K, 0% used [0x00000000eae80000,0x00000000eae80000,0x00000000eaf80000)
 ParOldGen       total 617984K, used 617529K [0x00000000c0000000, 0x00000000e5b80000, 0x00000000eab00000)
  object space 617984K, 99% used [0x00000000c0000000,0x00000000e5b0e4e8,0x00000000e5b80000)
 Metaspace       used 67362K, committed 68864K, reserved 1114112K
  class space    used 6890K, committed 7552K, reserved 1048576K
}
Event: 615.364 GC heap after
{Heap after GC invocations=1608 (full 3):
 PSYoungGen      total 3584K, used 795K [0x00000000eab00000, 0x00000000eaf80000, 0x0000000100000000)
  eden space 2560K, 0% used [0x00000000eab00000,0x00000000eab00000,0x00000000ead80000)
  from space 1024K, 77% used [0x00000000eae80000,0x00000000eaf46e98,0x00000000eaf80000)
  to   space 1024K, 0% used [0x00000000ead80000,0x00000000ead80000,0x00000000eae80000)
 ParOldGen       total 618496K, used 618121K [0x00000000c0000000, 0x00000000e5c00000, 0x00000000eab00000)
  object space 618496K, 99% used [0x00000000c0000000,0x00000000e5ba24d0,0x00000000e5c00000)
 Metaspace       used 67362K, committed 68864K, reserved 1114112K
  class space    used 6890K, committed 7552K, reserved 1048576K
}
Event: 615.368 GC heap before
{Heap before GC invocations=1609 (full 3):
 PSYoungGen      total 3584K, used 3355K [0x00000000eab00000, 0x00000000eaf80000, 0x0000000100000000)
  eden space 2560K, 100% used [0x00000000eab00000,0x00000000ead80000,0x00000000ead80000)
  from space 1024K, 77% used [0x00000000eae80000,0x00000000eaf46e98,0x00000000eaf80000)
  to   space 1024K, 0% used [0x00000000ead80000,0x00000000ead80000,0x00000000eae80000)
 ParOldGen       total 618496K, used 618121K [0x00000000c0000000, 0x00000000e5c00000, 0x00000000eab00000)
  object space 618496K, 99% used [0x00000000c0000000,0x00000000e5ba24d0,0x00000000e5c00000)
 Metaspace       used 67362K, committed 68864K, reserved 1114112K
  class space    used 6890K, committed 7552K, reserved 1048576K
}
Event: 615.369 GC heap after
{Heap after GC invocations=1609 (full 3):
 PSYoungGen      total 3584K, used 803K [0x00000000eab00000, 0x00000000eaf80000, 0x0000000100000000)
  eden space 2560K, 0% used [0x00000000eab00000,0x00000000eab00000,0x00000000ead80000)
  from space 1024K, 78% used [0x00000000ead80000,0x00000000eae48f50,0x00000000eae80000)
  to   space 1024K, 0% used [0x00000000eae80000,0x00000000eae80000,0x00000000eaf80000)
 ParOldGen       total 619008K, used 618821K [0x00000000c0000000, 0x00000000e5c80000, 0x00000000eab00000)
  object space 619008K, 99% used [0x00000000c0000000,0x00000000e5c51758,0x00000000e5c80000)
 Metaspace       used 67362K, committed 68864K, reserved 1114112K
  class space    used 6890K, committed 7552K, reserved 1048576K
}
Event: 615.374 GC heap before
{Heap before GC invocations=1610 (full 3):
 PSYoungGen      total 3584K, used 3363K [0x00000000eab00000, 0x00000000eaf80000, 0x0000000100000000)
  eden space 2560K, 100% used [0x00000000eab00000,0x00000000ead80000,0x00000000ead80000)
  from space 1024K, 78% used [0x00000000ead80000,0x00000000eae48f50,0x00000000eae80000)
  to   space 1024K, 0% used [0x00000000eae80000,0x00000000eae80000,0x00000000eaf80000)
 ParOldGen       total 619008K, used 618821K [0x00000000c0000000, 0x00000000e5c80000, 0x00000000eab00000)
  object space 619008K, 99% used [0x00000000c0000000,0x00000000e5c51758,0x00000000e5c80000)
 Metaspace       used 67362K, committed 68864K, reserved 1114112K
  class space    used 6890K, committed 7552K, reserved 1048576K
}
Event: 615.376 GC heap after
{Heap after GC invocations=1610 (full 3):
 PSYoungGen      total 3584K, used 704K [0x00000000eab00000, 0x00000000eaf80000, 0x0000000100000000)
  eden space 2560K, 0% used [0x00000000eab00000,0x00000000eab00000,0x00000000ead80000)
  from space 1024K, 68% used [0x00000000eae80000,0x00000000eaf30000,0x00000000eaf80000)
  to   space 1024K, 0% used [0x00000000ead80000,0x00000000ead80000,0x00000000eae80000)
 ParOldGen       total 620032K, used 619533K [0x00000000c0000000, 0x00000000e5d80000, 0x00000000eab00000)
  object space 620032K, 99% used [0x00000000c0000000,0x00000000e5d034a0,0x00000000e5d80000)
 Metaspace       used 67362K, committed 68864K, reserved 1114112K
  class space    used 6890K, committed 7552K, reserved 1048576K
}
Event: 615.379 GC heap before
{Heap before GC invocations=1611 (full 3):
 PSYoungGen      total 3584K, used 3264K [0x00000000eab00000, 0x00000000eaf80000, 0x0000000100000000)
  eden space 2560K, 100% used [0x00000000eab00000,0x00000000ead80000,0x00000000ead80000)
  from space 1024K, 68% used [0x00000000eae80000,0x00000000eaf30000,0x00000000eaf80000)
  to   space 1024K, 0% used [0x00000000ead80000,0x00000000ead80000,0x00000000eae80000)
 ParOldGen       total 620032K, used 619533K [0x00000000c0000000, 0x00000000e5d80000, 0x00000000eab00000)
  object space 620032K, 99% used [0x00000000c0000000,0x00000000e5d034a0,0x00000000e5d80000)
 Metaspace       used 67362K, committed 68864K, reserved 1114112K
  class space    used 6890K, committed 7552K, reserved 1048576K
}
Event: 615.380 GC heap after
{Heap after GC invocations=1611 (full 3):
 PSYoungGen      total 3584K, used 672K [0x00000000eab00000, 0x00000000eaf80000, 0x0000000100000000)
  eden space 2560K, 0% used [0x00000000eab00000,0x00000000eab00000,0x00000000ead80000)
  from space 1024K, 65% used [0x00000000ead80000,0x00000000eae28000,0x00000000eae80000)
  to   space 1024K, 0% used [0x00000000eae80000,0x00000000eae80000,0x00000000eaf80000)
 ParOldGen       total 620544K, used 620154K [0x00000000c0000000, 0x00000000e5e00000, 0x00000000eab00000)
  object space 620544K, 99% used [0x00000000c0000000,0x00000000e5d9e930,0x00000000e5e00000)
 Metaspace       used 67362K, committed 68864K, reserved 1114112K
  class space    used 6890K, committed 7552K, reserved 1048576K
}
Event: 615.385 GC heap before
{Heap before GC invocations=1612 (full 3):
 PSYoungGen      total 3584K, used 3232K [0x00000000eab00000, 0x00000000eaf80000, 0x0000000100000000)
  eden space 2560K, 100% used [0x00000000eab00000,0x00000000ead80000,0x00000000ead80000)
  from space 1024K, 65% used [0x00000000ead80000,0x00000000eae28000,0x00000000eae80000)
  to   space 1024K, 0% used [0x00000000eae80000,0x00000000eae80000,0x00000000eaf80000)
 ParOldGen       total 620544K, used 620154K [0x00000000c0000000, 0x00000000e5e00000, 0x00000000eab00000)
  object space 620544K, 99% used [0x00000000c0000000,0x00000000e5d9e930,0x00000000e5e00000)
 Metaspace       used 67362K, committed 68864K, reserved 1114112K
  class space    used 6890K, committed 7552K, reserved 1048576K
}
Event: 615.385 GC heap after
{Heap after GC invocations=1612 (full 3):
 PSYoungGen      total 3584K, used 672K [0x00000000eab00000, 0x00000000eaf80000, 0x0000000100000000)
  eden space 2560K, 0% used [0x00000000eab00000,0x00000000eab00000,0x00000000ead80000)
  from space 1024K, 65% used [0x00000000eae80000,0x00000000eaf28000,0x00000000eaf80000)
  to   space 1024K, 0% used [0x00000000ead80000,0x00000000ead80000,0x00000000eae80000)
 ParOldGen       total 621056K, used 620735K [0x00000000c0000000, 0x00000000e5e80000, 0x00000000eab00000)
  object space 621056K, 99% used [0x00000000c0000000,0x00000000e5e2ff58,0x00000000e5e80000)
 Metaspace       used 67362K, committed 68864K, reserved 1114112K
  class space    used 6890K, committed 7552K, reserved 1048576K
}
Event: 615.390 GC heap before
{Heap before GC invocations=1613 (full 3):
 PSYoungGen      total 3584K, used 3232K [0x00000000eab00000, 0x00000000eaf80000, 0x0000000100000000)
  eden space 2560K, 100% used [0x00000000eab00000,0x00000000ead80000,0x00000000ead80000)
  from space 1024K, 65% used [0x00000000eae80000,0x00000000eaf28000,0x00000000eaf80000)
  to   space 1024K, 0% used [0x00000000ead80000,0x00000000ead80000,0x00000000eae80000)
 ParOldGen       total 621056K, used 620735K [0x00000000c0000000, 0x00000000e5e80000, 0x00000000eab00000)
  object space 621056K, 99% used [0x00000000c0000000,0x00000000e5e2ff58,0x00000000e5e80000)
 Metaspace       used 67362K, committed 68864K, reserved 1114112K
  class space    used 6890K, committed 7552K, reserved 1048576K
}
Event: 615.391 GC heap after
{Heap after GC invocations=1613 (full 3):
 PSYoungGen      total 3584K, used 722K [0x00000000eab00000, 0x00000000eaf80000, 0x0000000100000000)
  eden space 2560K, 0% used [0x00000000eab00000,0x00000000eab00000,0x00000000ead80000)
  from space 1024K, 70% used [0x00000000ead80000,0x00000000eae34a60,0x00000000eae80000)
  to   space 1024K, 0% used [0x00000000eae80000,0x00000000eae80000,0x00000000eaf80000)
 ParOldGen       total 621568K, used 621350K [0x00000000c0000000, 0x00000000e5f00000, 0x00000000eab00000)
  object space 621568K, 99% used [0x00000000c0000000,0x00000000e5ec9be0,0x00000000e5f00000)
 Metaspace       used 67362K, committed 68864K, reserved 1114112K
  class space    used 6890K, committed 7552K, reserved 1048576K
}
Event: 615.397 GC heap before
{Heap before GC invocations=1614 (full 3):
 PSYoungGen      total 3584K, used 3269K [0x00000000eab00000, 0x00000000eaf80000, 0x0000000100000000)
  eden space 2560K, 99% used [0x00000000eab00000,0x00000000ead7cbf0,0x00000000ead80000)
  from space 1024K, 70% used [0x00000000ead80000,0x00000000eae34a60,0x00000000eae80000)
  to   space 1024K, 0% used [0x00000000eae80000,0x00000000eae80000,0x00000000eaf80000)
 ParOldGen       total 621568K, used 621350K [0x00000000c0000000, 0x00000000e5f00000, 0x00000000eab00000)
  object space 621568K, 99% used [0x00000000c0000000,0x00000000e5ec9be0,0x00000000e5f00000)
 Metaspace       used 67362K, committed 68864K, reserved 1114112K
  class space    used 6890K, committed 7552K, reserved 1048576K
}

